<?xml version="1.0" encoding="UTF-8"?>
<!-- Generated by org.testng.reporters.JUnitXMLReporter -->
<testsuite ignored="0" hostname="BALAGANESH" failures="1" tests="2" name="Test" time="28.077" errors="0" timestamp="31 Jul 2019 12:37:53 GMT">
  <testcase classname="TestNG_Files.TestScript" name="Signin" time="13.913"/>
  <testcase classname="TestNG_Files.TestScript" name="shareanupdate" time="0.0">
    <failure type="org.testng.TestNGException" message="
Cannot inject @Test annotated Method [shareanupdate] with [class java.lang.String].
For more information on native dependency injection please refer to http://testng.org/doc/documentation-main.html#native-dependency-injection">
      <![CDATA[org.testng.TestNGException: 
Cannot inject @Test annotated Method [shareanupdate] with [class java.lang.String].
For more information on native dependency injection please refer to http://testng.org/doc/documentation-main.html#native-dependency-injection
... Removed 24 stack frames]]>
    </failure>
  </testcase> <!-- shareanupdate -->
</testsuite> <!-- Test -->
